Using pre-set license
Built from '2020.2/release' branch; Version is '2020.2.1f1 (270dd8c3da1c) revision 2559448'; Using compiler version '192528614'; Build Type 'Release'
OS: 'Windows 10  (10.0.0) 64bit' Language: 'ru' Physical Memory: 8097 MB
BatchMode: 1, IsHumanControllingUs: 0, StartBugReporterOnCrash: 0, Is64bit: 1, IsPro: 0

 COMMAND LINE ARGUMENTS:
C:\Program Files\Unity\Hub\Editor\2020.2.1f1\Editor\Unity.exe
-adb2
-batchMode
-noUpm
-name
AssetImportWorker0
-projectPath
C:/Users/anjac/OneDrive/Рабочий стол/а)/работа/unity/BearsCom games Test
-logFile
Logs/AssetImportWorker0.log
-srvPort
51770
Successfully changed project path to: C:/Users/anjac/OneDrive/Рабочий стол/а)/работа/unity/BearsCom games Test
C:/Users/anjac/OneDrive/Рабочий стол/а)/работа/unity/BearsCom games Test
Using Asset Import Pipeline V2.
Refreshing native plugins compatible for Editor in 53.60 ms, found 0 plugins.
Preloading 0 native plugins for Editor in 0.00 ms.
Initialize engine version: 2020.2.1f1 (270dd8c3da1c)
[Subsystems] Discovering subsystems at path C:/Program Files/Unity/Hub/Editor/2020.2.1f1/Editor/Data/Resources/UnitySubsystems
[Subsystems] Discovering subsystems at path C:/Users/anjac/OneDrive/Рабочий стол/а)/работа/unity/BearsCom games Test/Assets
GfxDevice: creating device client; threaded=0
Direct3D:
    Version:  Direct3D 11.0 [level 11.1]
    Renderer: Intel(R) UHD Graphics 620 (ID=0x5917)
    Vendor:   
    VRAM:     4048 MB
    Driver:   26.20.100.7323
Shader 'Universal Render Pipeline/Particles/Lit': fallback shader 'Universal Render Pipeline/Particles/SimpleLit' not found
Initialize mono
Mono path[0] = 'C:/Program Files/Unity/Hub/Editor/2020.2.1f1/Editor/Data/Managed'
Mono path[1] = 'C:/Program Files/Unity/Hub/Editor/2020.2.1f1/Editor/Data/MonoBleedingEdge/lib/mono/unityjit'
Mono config path = 'C:/Program Files/Unity/Hub/Editor/2020.2.1f1/Editor/Data/MonoBleedingEdge/etc'
Using monoOptions --debugger-agent=transport=dt_socket,embedding=1,server=y,suspend=n,address=127.0.0.1:56012
Begin MonoManager ReloadAssembly
Registering precompiled unity dll's ...
Register platform support module: C:/Program Files/Unity/Hub/Editor/2020.2.1f1/Editor/Data/PlaybackEngines/WindowsStandaloneSupport/UnityEditor.WindowsStandalone.Extensions.dll
Registered in 0.007410 seconds.
Native extension for WindowsStandalone target not found
Refreshing native plugins compatible for Editor in 110.28 ms, found 0 plugins.
Preloading 0 native plugins for Editor in 0.00 ms.
Invoked RoslynAnalysisRunner static constructor.
RoslynAnalysisRunner will not be running.
RoslynAnalysisRunner has terminated.
Mono: successfully reloaded assembly
- Completed reload, in  5.017 seconds
Platform modules already initialized, skipping
Registering precompiled user dll's ...
Registered in 0.004425 seconds.
Begin MonoManager ReloadAssembly
Native extension for WindowsStandalone target not found
Refreshing native plugins compatible for Editor in 54.61 ms, found 0 plugins.
Preloading 0 native plugins for Editor in 0.00 ms.
Invoked RoslynAnalysisRunner static constructor.
RoslynAnalysisRunner will not be running.
RoslynAnalysisRunner has terminated.
Mono: successfully reloaded assembly
- Completed reload, in  1.443 seconds
Platform modules already initialized, skipping
========================================================================
Worker process is ready to serve import requests
Shader 'Universal Render Pipeline/Particles/Lit': fallback shader 'Universal Render Pipeline/Particles/SimpleLit' not found
Launched and connected shader compiler UnityShaderCompiler.exe after 0.08 seconds
Refreshing native plugins compatible for Editor in 0.91 ms, found 0 plugins.
Preloading 0 native plugins for Editor in 0.00 ms.
Unloading 2573 Unused Serialized files (Serialized files now loaded: 0)
System memory in use before: 118.5 MB.
System memory in use after: 118.7 MB.

Unloading 11 unused Assets to reduce memory usage. Loaded Objects now: 3015.
Total: 6.672700 ms (FindLiveObjects: 0.714200 ms CreateObjectMapping: 0.355800 ms MarkObjects: 5.457900 ms  DeleteObjects: 0.141700 ms)

========================================================================
Received Prepare
Registering precompiled user dll's ...
Registered in 0.004254 seconds.
Begin MonoManager ReloadAssembly
Native extension for WindowsStandalone target not found
Refreshing native plugins compatible for Editor in 0.43 ms, found 0 plugins.
Preloading 0 native plugins for Editor in 0.00 ms.
Invoked RoslynAnalysisRunner static constructor.
RoslynAnalysisRunner will not be running.
RoslynAnalysisRunner has terminated.
Mono: successfully reloaded assembly
- Completed reload, in  1.123 seconds
Platform modules already initialized, skipping
Shader 'Universal Render Pipeline/Particles/Lit': fallback shader 'Universal Render Pipeline/Particles/SimpleLit' not found
Refreshing native plugins compatible for Editor in 0.42 ms, found 0 plugins.
Preloading 0 native plugins for Editor in 0.00 ms.
Unloading 2463 Unused Serialized files (Serialized files now loaded: 0)
System memory in use before: 114.2 MB.
System memory in use after: 114.5 MB.

Unloading 6 unused Assets to reduce memory usage. Loaded Objects now: 3017.
Total: 2.164500 ms (FindLiveObjects: 0.273400 ms CreateObjectMapping: 0.132300 ms MarkObjects: 1.733800 ms  DeleteObjects: 0.023700 ms)

========================================================================
Received Prepare
Registering precompiled user dll's ...
Registered in 0.002442 seconds.
Begin MonoManager ReloadAssembly
Native extension for WindowsStandalone target not found
Refreshing native plugins compatible for Editor in 0.49 ms, found 0 plugins.
Preloading 0 native plugins for Editor in 0.00 ms.
Invoked RoslynAnalysisRunner static constructor.
RoslynAnalysisRunner will not be running.
RoslynAnalysisRunner has terminated.
Mono: successfully reloaded assembly
- Completed reload, in  1.134 seconds
Platform modules already initialized, skipping
Shader 'Universal Render Pipeline/Particles/Lit': fallback shader 'Universal Render Pipeline/Particles/SimpleLit' not found
Refreshing native plugins compatible for Editor in 0.48 ms, found 0 plugins.
Preloading 0 native plugins for Editor in 0.00 ms.
Unloading 2464 Unused Serialized files (Serialized files now loaded: 0)
System memory in use before: 115.3 MB.
System memory in use after: 115.5 MB.

Unloading 6 unused Assets to reduce memory usage. Loaded Objects now: 3019.
Total: 2.314100 ms (FindLiveObjects: 0.340100 ms CreateObjectMapping: 0.162200 ms MarkObjects: 1.791600 ms  DeleteObjects: 0.018200 ms)

========================================================================
Received Import Request.
  path: Assets/Sprites/scarecrow.png
  artifactKey: Guid(70623e36a53f8a24ea895c82e3381cfd) Importer(815301076,1909f56bfc062723c751e8b465ee728b)
Start importing Assets/Sprites/scarecrow.png using Guid(70623e36a53f8a24ea895c82e3381cfd) Importer(815301076,1909f56bfc062723c751e8b465ee728b)  -> (artifact id: '94cc39aa3024173cc9f47fb90f4d1220') in 0.107817 seconds
  Import took 0.115779 seconds .

========================================================================
Received Import Request.
  Time since last request: 32.299881 seconds.
  path: Assets/Sprites/scarecrow.png
  artifactKey: Guid(70623e36a53f8a24ea895c82e3381cfd) Importer(815301076,1909f56bfc062723c751e8b465ee728b)
Start importing Assets/Sprites/scarecrow.png using Guid(70623e36a53f8a24ea895c82e3381cfd) Importer(815301076,1909f56bfc062723c751e8b465ee728b)  -> (artifact id: '4b4bfb503beba17973852a235e8d1ba1') in 0.080521 seconds
  Import took 0.087398 seconds .

========================================================================
Received Prepare
Registering precompiled user dll's ...
Registered in 0.004106 seconds.
Begin MonoManager ReloadAssembly
Native extension for WindowsStandalone target not found
Refreshing native plugins compatible for Editor in 1.13 ms, found 0 plugins.
Preloading 0 native plugins for Editor in 0.00 ms.
Invoked RoslynAnalysisRunner static constructor.
RoslynAnalysisRunner will not be running.
RoslynAnalysisRunner has terminated.
Mono: successfully reloaded assembly
- Completed reload, in  2.553 seconds
Platform modules already initialized, skipping
Shader 'Universal Render Pipeline/Particles/Lit': fallback shader 'Universal Render Pipeline/Particles/SimpleLit' not found
Refreshing native plugins compatible for Editor in 0.64 ms, found 0 plugins.
Preloading 0 native plugins for Editor in 0.00 ms.
Unloading 2464 Unused Serialized files (Serialized files now loaded: 0)
System memory in use before: 118.2 MB.
System memory in use after: 118.5 MB.

Unloading 6 unused Assets to reduce memory usage. Loaded Objects now: 3027.
Total: 4.498500 ms (FindLiveObjects: 0.562500 ms CreateObjectMapping: 0.303900 ms MarkObjects: 3.597500 ms  DeleteObjects: 0.032500 ms)

========================================================================
Received Prepare
Registering precompiled user dll's ...
Registered in 0.005020 seconds.
Begin MonoManager ReloadAssembly
Native extension for WindowsStandalone target not found
Refreshing native plugins compatible for Editor in 0.50 ms, found 0 plugins.
Preloading 0 native plugins for Editor in 0.00 ms.
Invoked RoslynAnalysisRunner static constructor.
RoslynAnalysisRunner will not be running.
RoslynAnalysisRunner has terminated.
Mono: successfully reloaded assembly
- Completed reload, in  1.113 seconds
Platform modules already initialized, skipping
Shader 'Universal Render Pipeline/Particles/Lit': fallback shader 'Universal Render Pipeline/Particles/SimpleLit' not found
Refreshing native plugins compatible for Editor in 0.63 ms, found 0 plugins.
Preloading 0 native plugins for Editor in 0.00 ms.
Unloading 2464 Unused Serialized files (Serialized files now loaded: 0)
System memory in use before: 118.3 MB.
System memory in use after: 118.5 MB.

Unloading 6 unused Assets to reduce memory usage. Loaded Objects now: 3029.
Total: 2.389500 ms (FindLiveObjects: 0.329800 ms CreateObjectMapping: 0.179600 ms MarkObjects: 1.858100 ms  DeleteObjects: 0.020400 ms)

========================================================================
Received Import Request.
  Time since last request: 1044.964500 seconds.
  path: Packages/com.unity.render-pipelines.universal/Runtime/Materials/ParticlesUnlit.mat
  artifactKey: Guid(e823cd5b5d27c0f4b8256e7c12ee3e6d) Importer(815301076,1909f56bfc062723c751e8b465ee728b)
Start importing Packages/com.unity.render-pipelines.universal/Runtime/Materials/ParticlesUnlit.mat using Guid(e823cd5b5d27c0f4b8256e7c12ee3e6d) Importer(815301076,1909f56bfc062723c751e8b465ee728b)  -> (artifact id: 'bcc60868f769a043adf262d7e4341335') in 0.302239 seconds
  Import took 0.310675 seconds .

========================================================================
Received Prepare
Registering precompiled user dll's ...
Registered in 0.006625 seconds.
Begin MonoManager ReloadAssembly
Native extension for WindowsStandalone target not found
Refreshing native plugins compatible for Editor in 1.42 ms, found 0 plugins.
Preloading 0 native plugins for Editor in 0.00 ms.
Invoked RoslynAnalysisRunner static constructor.
RoslynAnalysisRunner will not be running.
RoslynAnalysisRunner has terminated.
Mono: successfully reloaded assembly
- Completed reload, in  4.085 seconds
Platform modules already initialized, skipping
Shader 'Universal Render Pipeline/Particles/Lit': fallback shader 'Universal Render Pipeline/Particles/SimpleLit' not found
Refreshing native plugins compatible for Editor in 1.11 ms, found 0 plugins.
Preloading 0 native plugins for Editor in 0.00 ms.
Unloading 2464 Unused Serialized files (Serialized files now loaded: 0)
System memory in use before: 120.7 MB.
System memory in use after: 120.9 MB.

Unloading 7 unused Assets to reduce memory usage. Loaded Objects now: 3106.
Total: 9.523800 ms (FindLiveObjects: 0.699200 ms CreateObjectMapping: 0.438400 ms MarkObjects: 8.310500 ms  DeleteObjects: 0.071600 ms)

========================================================================
Received Import Request.
  Time since last request: 297.055804 seconds.
  path: Assets/ExampleAssets/Materials/LightBulb_Mat.mat
  artifactKey: Guid(ec739259ec61f5d4ba3ed6d34fd802a6) Importer(815301076,1909f56bfc062723c751e8b465ee728b)
Start importing Assets/ExampleAssets/Materials/LightBulb_Mat.mat using Guid(ec739259ec61f5d4ba3ed6d34fd802a6) Importer(815301076,1909f56bfc062723c751e8b465ee728b)  -> (artifact id: '17cc0efc6758a94393f291c42ef08b28') in 2.050261 seconds
  Import took 2.064571 seconds .

========================================================================
Received Import Request.
  Time since last request: 0.000540 seconds.
  path: Assets/ExampleAssets/Materials/PaintBrush_Mat.mat
  artifactKey: Guid(539165557a9d3744680bb21164bea45e) Importer(815301076,1909f56bfc062723c751e8b465ee728b)
Start importing Assets/ExampleAssets/Materials/PaintBrush_Mat.mat using Guid(539165557a9d3744680bb21164bea45e) Importer(815301076,1909f56bfc062723c751e8b465ee728b)  -> (artifact id: '2dac4ff89dd55de0ecb5e90d8b394c46') in 1.849691 seconds
  Import took 1.863567 seconds .

========================================================================
Received Import Request.
  Time since last request: 0.000656 seconds.
  path: Assets/Assets_Rocks/Materials/texGrass.mat
  artifactKey: Guid(f888e8e8dae674ba2bbe815fd3e98195) Importer(815301076,1909f56bfc062723c751e8b465ee728b)
Start importing Assets/Assets_Rocks/Materials/texGrass.mat using Guid(f888e8e8dae674ba2bbe815fd3e98195) Importer(815301076,1909f56bfc062723c751e8b465ee728b)  -> (artifact id: '47a9b245a7717f6e20e769268647aead') in 0.031391 seconds
  Import took 0.042125 seconds .

========================================================================
Received Import Request.
  Time since last request: 0.000504 seconds.
  path: Assets/ExampleAssets/Materials/Strap_Mat.mat
  artifactKey: Guid(81c1860e7800e5340bf8a54c565ba9ea) Importer(815301076,1909f56bfc062723c751e8b465ee728b)
Start importing Assets/ExampleAssets/Materials/Strap_Mat.mat using Guid(81c1860e7800e5340bf8a54c565ba9ea) Importer(815301076,1909f56bfc062723c751e8b465ee728b)  -> (artifact id: '3f68d9da4e2a34873079c7c68f1e8988') in 0.051691 seconds
  Import took 0.061632 seconds .

========================================================================
Received Import Request.
  Time since last request: 0.001055 seconds.
  path: Assets/Assets_Rocks/Materials/texRocks.mat
  artifactKey: Guid(c12b5ff355496401c9b762484de1071e) Importer(815301076,1909f56bfc062723c751e8b465ee728b)
Start importing Assets/Assets_Rocks/Materials/texRocks.mat using Guid(c12b5ff355496401c9b762484de1071e) Importer(815301076,1909f56bfc062723c751e8b465ee728b)  -> (artifact id: '9ef6edda9d4f118a9f6d9e0103019453') in 0.175541 seconds
  Import took 0.188262 seconds .

========================================================================
Received Import Request.
  Time since last request: 0.001205 seconds.
  path: Assets/ExampleAssets/Materials/Plastic_Rough_Mat.mat
  artifactKey: Guid(a5aaee4111611af43b5abbff184fe5fa) Importer(815301076,1909f56bfc062723c751e8b465ee728b)
Start importing Assets/ExampleAssets/Materials/Plastic_Rough_Mat.mat using Guid(a5aaee4111611af43b5abbff184fe5fa) Importer(815301076,1909f56bfc062723c751e8b465ee728b)  -> (artifact id: '11f1111b00f62bb36eac16cb1a9be0b1') in 0.052484 seconds
  Import took 0.062567 seconds .

========================================================================
Received Import Request.
  Time since last request: 0.000509 seconds.
  path: Assets/ExampleAssets/Models/Stud.fbx
  artifactKey: Guid(34624edaccd9d704a95ed404d919b492) Importer(815301076,1909f56bfc062723c751e8b465ee728b)
Start importing Assets/ExampleAssets/Models/Stud.fbx using Guid(34624edaccd9d704a95ed404d919b492) Importer(815301076,1909f56bfc062723c751e8b465ee728b)  -> (artifact id: 'de39f366247db081f9894bd43cc1f64d') in 1.421431 seconds
  Import took 1.432021 seconds .

========================================================================
Received Import Request.
  Time since last request: 0.000736 seconds.
  path: Assets/ExampleAssets/Materials/Metal_Simple_Mat.mat
  artifactKey: Guid(a0427cf339e5891468d5f2b433b2d44a) Importer(815301076,1909f56bfc062723c751e8b465ee728b)
Start importing Assets/ExampleAssets/Materials/Metal_Simple_Mat.mat using Guid(a0427cf339e5891468d5f2b433b2d44a) Importer(815301076,1909f56bfc062723c751e8b465ee728b)  -> (artifact id: '2877c229d616500edbb5f30249c9969b') in 1.607582 seconds
  Import took 1.620511 seconds .

========================================================================
Received Import Request.
  Time since last request: 0.000818 seconds.
  path: Assets/ExampleAssets/Models/magneticlevel_low.fbx
  artifactKey: Guid(bae110eee250e4b418b188f4ae4e3170) Importer(815301076,1909f56bfc062723c751e8b465ee728b)
Start importing Assets/ExampleAssets/Models/magneticlevel_low.fbx using Guid(bae110eee250e4b418b188f4ae4e3170) Importer(815301076,1909f56bfc062723c751e8b465ee728b)  -> (artifact id: 'a9e6f6b1aa30f213d9f3bb6872475ca5') in 1.488708 seconds
  Import took 1.500946 seconds .

========================================================================
Received Import Request.
  Time since last request: 0.000690 seconds.
  path: Assets/ExampleAssets/Materials/Plastic_Transparent.mat
  artifactKey: Guid(8a38b7350df9a9c438e568993a00e5c5) Importer(815301076,1909f56bfc062723c751e8b465ee728b)
Start importing Assets/ExampleAssets/Materials/Plastic_Transparent.mat using Guid(8a38b7350df9a9c438e568993a00e5c5) Importer(815301076,1909f56bfc062723c751e8b465ee728b)  -> (artifact id: '143b1651aefb8908d6cab4d285579b5f') in 0.033887 seconds
  Import took 0.045208 seconds .

========================================================================
Received Import Request.
  Time since last request: 0.000596 seconds.
  path: Packages/com.unity.render-pipelines.universal/Runtime/Materials/TerrainLit.mat
  artifactKey: Guid(594ea882c5a793440b60ff72d896021e) Importer(815301076,1909f56bfc062723c751e8b465ee728b)
Start importing Packages/com.unity.render-pipelines.universal/Runtime/Materials/TerrainLit.mat using Guid(594ea882c5a793440b60ff72d896021e) Importer(815301076,1909f56bfc062723c751e8b465ee728b)  -> (artifact id: '74be2b513fecd0ba89cb314580cb3746') in 1.987163 seconds
  Import took 2.000211 seconds .

========================================================================
Received Import Request.
  Time since last request: 0.000998 seconds.
  path: Packages/com.unity.render-pipelines.universal/Runtime/Materials/Sprite-Unlit-Default.mat
  artifactKey: Guid(9dfc825aed78fcd4ba02077103263b40) Importer(815301076,1909f56bfc062723c751e8b465ee728b)
Start importing Packages/com.unity.render-pipelines.universal/Runtime/Materials/Sprite-Unlit-Default.mat using Guid(9dfc825aed78fcd4ba02077103263b40) Importer(815301076,1909f56bfc062723c751e8b465ee728b)  -> (artifact id: 'ea658e3edd41ca6a0ef89cd0f5fac5ec') in 0.038719 seconds
  Import took 0.048684 seconds .

========================================================================
Received Import Request.
  Time since last request: 0.000636 seconds.
  path: Assets/ExampleAssets/Materials/Plastic_Yellow_Mat.mat
  artifactKey: Guid(bd2d742ee2ce7a740ae0cf992a38be74) Importer(815301076,1909f56bfc062723c751e8b465ee728b)
Start importing Assets/ExampleAssets/Materials/Plastic_Yellow_Mat.mat using Guid(bd2d742ee2ce7a740ae0cf992a38be74) Importer(815301076,1909f56bfc062723c751e8b465ee728b)  -> (artifact id: '3f131cfcb3ff5c51c3d35ed2af316f81') in 1.725030 seconds
  Import took 1.737493 seconds .

========================================================================
Received Import Request.
  Time since last request: 0.000681 seconds.
  path: Assets/ExampleAssets/Models/paintbucket_low.fbx
  artifactKey: Guid(b451a052397f03c4f8a04d915d1c0492) Importer(815301076,1909f56bfc062723c751e8b465ee728b)
Start importing Assets/ExampleAssets/Models/paintbucket_low.fbx using Guid(b451a052397f03c4f8a04d915d1c0492) Importer(815301076,1909f56bfc062723c751e8b465ee728b)  -> (artifact id: '47333d016241303801ead6d6b431c5d5') in 0.186121 seconds
  Import took 0.199642 seconds .

========================================================================
Received Import Request.
  Time since last request: 0.000728 seconds.
  path: Packages/com.unity.render-pipelines.universal/Runtime/Materials/SimpleLit.mat
  artifactKey: Guid(6a1143ee683302f4aa628c052723efc1) Importer(815301076,1909f56bfc062723c751e8b465ee728b)
Start importing Packages/com.unity.render-pipelines.universal/Runtime/Materials/SimpleLit.mat using Guid(6a1143ee683302f4aa628c052723efc1) Importer(815301076,1909f56bfc062723c751e8b465ee728b)  -> (artifact id: '52037253107568fdd07cfd024cacc290') in 1.854635 seconds
  Import took 1.867312 seconds .

========================================================================
Received Import Request.
  Time since last request: 0.001055 seconds.
  path: Assets/Joystick Pack/Examples/Player.mat
  artifactKey: Guid(59e4faf24927edf4a82f463ad16f1c37) Importer(815301076,1909f56bfc062723c751e8b465ee728b)
Start importing Assets/Joystick Pack/Examples/Player.mat using Guid(59e4faf24927edf4a82f463ad16f1c37) Importer(815301076,1909f56bfc062723c751e8b465ee728b)  -> (artifact id: 'f94dea1ce80fbe992f36c45229774bf8') in 0.028979 seconds
  Import took 0.038791 seconds .

========================================================================
Received Import Request.
  Time since last request: 0.000510 seconds.
  path: Assets/ExampleAssets/Materials/Plastic_Gray_Mat.mat
  artifactKey: Guid(4dad30bbe2213eb4d8312f7bb6190866) Importer(815301076,1909f56bfc062723c751e8b465ee728b)
Start importing Assets/ExampleAssets/Materials/Plastic_Gray_Mat.mat using Guid(4dad30bbe2213eb4d8312f7bb6190866) Importer(815301076,1909f56bfc062723c751e8b465ee728b)  -> (artifact id: '52b2643684087a8be885b05004585afc') in 0.050535 seconds
  Import took 0.061256 seconds .

========================================================================
Received Import Request.
  Time since last request: 0.000777 seconds.
  path: Assets/ExampleAssets/Materials/PaintLabel_Mat.mat
  artifactKey: Guid(3da4aad06945bbf4baf801c2aacbc01e) Importer(815301076,1909f56bfc062723c751e8b465ee728b)
Start importing Assets/ExampleAssets/Materials/PaintLabel_Mat.mat using Guid(3da4aad06945bbf4baf801c2aacbc01e) Importer(815301076,1909f56bfc062723c751e8b465ee728b)  -> (artifact id: 'aeb45bdc9afabba80bfdf1d11696fc20') in 1.496058 seconds
  Import took 1.509645 seconds .

========================================================================
Received Import Request.
  Time since last request: 0.000541 seconds.
  path: Assets/ExampleAssets/Materials/Plastic_Black_Mat.mat
  artifactKey: Guid(e745492728544aa488aa0429b6068e71) Importer(815301076,1909f56bfc062723c751e8b465ee728b)
Start importing Assets/ExampleAssets/Materials/Plastic_Black_Mat.mat using Guid(e745492728544aa488aa0429b6068e71) Importer(815301076,1909f56bfc062723c751e8b465ee728b)  -> (artifact id: '40d0c5f62b3573773cb86f73b0e28a5d') in 0.049005 seconds
  Import took 0.061651 seconds .

========================================================================
Received Import Request.
  Time since last request: 0.000606 seconds.
  path: Assets/ExampleAssets/Materials/Plastic_Ridges_Mat.mat
  artifactKey: Guid(c05de7c865075334786e6a47a543af72) Importer(815301076,1909f56bfc062723c751e8b465ee728b)
Start importing Assets/ExampleAssets/Materials/Plastic_Ridges_Mat.mat using Guid(c05de7c865075334786e6a47a543af72) Importer(815301076,1909f56bfc062723c751e8b465ee728b)  -> (artifact id: 'e19af1787913d12e53890c3b45a7013b') in 0.062335 seconds
  Import took 0.073233 seconds .

========================================================================
Received Import Request.
  Time since last request: 0.000988 seconds.
  path: Assets/ExampleAssets/Materials/Plastic_White_Mat.mat
  artifactKey: Guid(6cfe423139c361a459da7ed9831d4b1c) Importer(815301076,1909f56bfc062723c751e8b465ee728b)
Start importing Assets/ExampleAssets/Materials/Plastic_White_Mat.mat using Guid(6cfe423139c361a459da7ed9831d4b1c) Importer(815301076,1909f56bfc062723c751e8b465ee728b)  -> (artifact id: '214074eb44015d3440f4cfc883f098d1') in 0.047090 seconds
  Import took 0.058471 seconds .

========================================================================
Received Import Request.
  Time since last request: 0.000502 seconds.
  path: Packages/com.unity.render-pipelines.universal/Runtime/Materials/Lit.mat
  artifactKey: Guid(31321ba15b8f8eb4c954353edc038b1d) Importer(815301076,1909f56bfc062723c751e8b465ee728b)
Start importing Packages/com.unity.render-pipelines.universal/Runtime/Materials/Lit.mat using Guid(31321ba15b8f8eb4c954353edc038b1d) Importer(815301076,1909f56bfc062723c751e8b465ee728b)  -> (artifact id: 'ba3edffa4c92ac0bfb49391e51f5d258') in 0.034286 seconds
  Import took 0.043739 seconds .

========================================================================
Received Import Request.
  Time since last request: 0.000508 seconds.
  path: Assets/ExampleAssets/Materials/Metal_Blue_Simple_Mat.mat
  artifactKey: Guid(cd71291c91c8cce499cb663b5db9970e) Importer(815301076,1909f56bfc062723c751e8b465ee728b)
Start importing Assets/ExampleAssets/Materials/Metal_Blue_Simple_Mat.mat using Guid(cd71291c91c8cce499cb663b5db9970e) Importer(815301076,1909f56bfc062723c751e8b465ee728b)  -> (artifact id: '313af209c9c2944fdc0c6aae54ab4917') in 0.059198 seconds
  Import took 0.072921 seconds .

========================================================================
Received Import Request.
  Time since last request: 0.001008 seconds.
  path: Packages/com.unity.render-pipelines.universal/Runtime/Materials/Sprite-Lit-Default.mat
  artifactKey: Guid(a97c105638bdf8b4a8650670310a4cd3) Importer(815301076,1909f56bfc062723c751e8b465ee728b)
Start importing Packages/com.unity.render-pipelines.universal/Runtime/Materials/Sprite-Lit-Default.mat using Guid(a97c105638bdf8b4a8650670310a4cd3) Importer(815301076,1909f56bfc062723c751e8b465ee728b)  -> (artifact id: '1d123814914e2697eac270f711e5b871') in 0.038076 seconds
  Import took 0.048128 seconds .

========================================================================
Received Import Request.
  Time since last request: 0.000481 seconds.
  path: Assets/ExampleAssets/Materials/Liquid_Mat.mat
  artifactKey: Guid(c532880e607f8c84d8b9bf0c46a522ad) Importer(815301076,1909f56bfc062723c751e8b465ee728b)
Start importing Assets/ExampleAssets/Materials/Liquid_Mat.mat using Guid(c532880e607f8c84d8b9bf0c46a522ad) Importer(815301076,1909f56bfc062723c751e8b465ee728b)  -> (artifact id: '3d12bae5163bbd746ad5b184663b3174') in 0.031730 seconds
  Import took 0.042220 seconds .

========================================================================
Received Import Request.
  Time since last request: 0.000522 seconds.
  path: Assets/ExampleAssets/Materials/OBS_Mat.mat
  artifactKey: Guid(c438e5c679f1be040a135443008e2fce) Importer(815301076,1909f56bfc062723c751e8b465ee728b)
Start importing Assets/ExampleAssets/Materials/OBS_Mat.mat using Guid(c438e5c679f1be040a135443008e2fce) Importer(815301076,1909f56bfc062723c751e8b465ee728b)  -> (artifact id: '1dd66b104457dc3b91cf1b94ae316b9c') in 0.064709 seconds
  Import took 0.074890 seconds .

========================================================================
Received Import Request.
  Time since last request: 0.000602 seconds.
  path: Assets/ExampleAssets/Models/safetyhat_low.fbx
  artifactKey: Guid(9d0d902f71acfe646a46cb625f815a49) Importer(815301076,1909f56bfc062723c751e8b465ee728b)
Start importing Assets/ExampleAssets/Models/safetyhat_low.fbx using Guid(9d0d902f71acfe646a46cb625f815a49) Importer(815301076,1909f56bfc062723c751e8b465ee728b)  -> (artifact id: '6756662d9d091c7d57cd93ca20178b58') in 0.070882 seconds
  Import took 0.082093 seconds .

========================================================================
Received Import Request.
  Time since last request: 0.000513 seconds.
  path: Assets/ExampleAssets/Materials/Paint1G_WAnim_Material.mat
  artifactKey: Guid(55c183dc45153be48a45c4e530127fb3) Importer(815301076,1909f56bfc062723c751e8b465ee728b)
Start importing Assets/ExampleAssets/Materials/Paint1G_WAnim_Material.mat using Guid(55c183dc45153be48a45c4e530127fb3) Importer(815301076,1909f56bfc062723c751e8b465ee728b)  -> (artifact id: '18c055b3237999c04ffb6ba34b1f6bcd') in 3.388785 seconds
  Import took 3.401906 seconds .

========================================================================
Received Import Request.
  Time since last request: 0.000815 seconds.
  path: Assets/ExampleAssets/Materials/Stud_Mat.mat
  artifactKey: Guid(027cb3d3d7dc79d41ad763e01759de07) Importer(815301076,1909f56bfc062723c751e8b465ee728b)
Start importing Assets/ExampleAssets/Materials/Stud_Mat.mat using Guid(027cb3d3d7dc79d41ad763e01759de07) Importer(815301076,1909f56bfc062723c751e8b465ee728b)  -> (artifact id: '0c646beedd126380946f3fd1f84d41b7') in 0.089948 seconds
  Import took 0.106444 seconds .

========================================================================
Received Import Request.
  Time since last request: 3.031001 seconds.
  path: Assets/ExampleAssets/Models/small_plane.fbx
  artifactKey: Guid(aeaee610429f51f44981e141eb2a3545) Importer(815301076,1909f56bfc062723c751e8b465ee728b)
Start importing Assets/ExampleAssets/Models/small_plane.fbx using Guid(aeaee610429f51f44981e141eb2a3545) Importer(815301076,1909f56bfc062723c751e8b465ee728b)  -> (artifact id: '79aea8645759f51d3899c6964e9dca4c') in 0.065905 seconds
  Import took 0.086767 seconds .

========================================================================
Received Import Request.
  Time since last request: 0.013569 seconds.
  path: Assets/ExampleAssets/Models/small_plane.fbx
  artifactKey: Guid(aeaee610429f51f44981e141eb2a3545) Importer(815301076,1909f56bfc062723c751e8b465ee728b)
Start importing Assets/ExampleAssets/Models/small_plane.fbx using Guid(aeaee610429f51f44981e141eb2a3545) Importer(815301076,1909f56bfc062723c751e8b465ee728b)  -> (artifact id: '79aea8645759f51d3899c6964e9dca4c') in 0.050584 seconds
  Import took 0.060687 seconds .

========================================================================
Received Import Request.
  Time since last request: 0.128529 seconds.
  path: Packages/com.unity.searcher/Editor/Resources/FlatSkin/Font/Roboto-MediumItalic.ttf
  artifactKey: Guid(d93c1bc57fdf1ac4dad1bf04fac05464) Importer(815301076,1909f56bfc062723c751e8b465ee728b)
Start importing Packages/com.unity.searcher/Editor/Resources/FlatSkin/Font/Roboto-MediumItalic.ttf using Guid(d93c1bc57fdf1ac4dad1bf04fac05464) Importer(815301076,1909f56bfc062723c751e8b465ee728b)  -> (artifact id: '97f36d29767984081ff5bed727a95b37') in 0.131498 seconds
  Import took 0.143647 seconds .

========================================================================
Received Import Request.
  Time since last request: 0.000548 seconds.
  path: Packages/com.unity.searcher/Editor/Resources/FlatSkin/Font/Roboto-Thin.ttf
  artifactKey: Guid(19a9abb883540be48b75b951a927ae03) Importer(815301076,1909f56bfc062723c751e8b465ee728b)
Start importing Packages/com.unity.searcher/Editor/Resources/FlatSkin/Font/Roboto-Thin.ttf using Guid(19a9abb883540be48b75b951a927ae03) Importer(815301076,1909f56bfc062723c751e8b465ee728b)  -> (artifact id: 'f92ed187debc85b1b8c4b66dc084048c') in 0.044571 seconds
  Import took 0.055007 seconds .

========================================================================
Received Import Request.
  Time since last request: 0.000736 seconds.
  path: Packages/com.unity.searcher/Editor/Resources/FlatSkin/Font/Roboto-BlackItalic.ttf
  artifactKey: Guid(f95147a9bab9fe649b8070170fa7ebd2) Importer(815301076,1909f56bfc062723c751e8b465ee728b)
Start importing Packages/com.unity.searcher/Editor/Resources/FlatSkin/Font/Roboto-BlackItalic.ttf using Guid(f95147a9bab9fe649b8070170fa7ebd2) Importer(815301076,1909f56bfc062723c751e8b465ee728b)  -> (artifact id: '6f8b2d248db2c357a197f37e87d93aac') in 0.033137 seconds
  Import took 0.044006 seconds .

========================================================================
Received Import Request.
  Time since last request: 0.000815 seconds.
  path: Packages/com.unity.searcher/Editor/Resources/FlatSkin/Font/Roboto-Bold.ttf
  artifactKey: Guid(3750c318f40cab44a97d3a81beaefeb3) Importer(815301076,1909f56bfc062723c751e8b465ee728b)
Start importing Packages/com.unity.searcher/Editor/Resources/FlatSkin/Font/Roboto-Bold.ttf using Guid(3750c318f40cab44a97d3a81beaefeb3) Importer(815301076,1909f56bfc062723c751e8b465ee728b)  -> (artifact id: 'f9c25c0ee6c77a62b679de533506fe8f') in 0.037132 seconds
  Import took 0.047290 seconds .

========================================================================
Received Import Request.
  Time since last request: 0.001175 seconds.
  path: Packages/com.unity.searcher/Editor/Resources/FlatSkin/Font/Roboto-Italic.ttf
  artifactKey: Guid(c839255fc8f6b4b4d90bf8c1af9f9bd1) Importer(815301076,1909f56bfc062723c751e8b465ee728b)
Start importing Packages/com.unity.searcher/Editor/Resources/FlatSkin/Font/Roboto-Italic.ttf using Guid(c839255fc8f6b4b4d90bf8c1af9f9bd1) Importer(815301076,1909f56bfc062723c751e8b465ee728b)  -> (artifact id: 'cd549b2cef2cc1c2442f0047987e92ce') in 0.038953 seconds
  Import took 0.051722 seconds .

========================================================================
Received Import Request.
  Time since last request: 0.000786 seconds.
  path: Packages/com.unity.searcher/Editor/Resources/FlatSkin/Font/Roboto-ThinItalic.ttf
  artifactKey: Guid(b2ea3b3f1765e544b9eb5bd1a93a91ce) Importer(815301076,1909f56bfc062723c751e8b465ee728b)
Start importing Packages/com.unity.searcher/Editor/Resources/FlatSkin/Font/Roboto-ThinItalic.ttf using Guid(b2ea3b3f1765e544b9eb5bd1a93a91ce) Importer(815301076,1909f56bfc062723c751e8b465ee728b)  -> (artifact id: '79e1dff82e9c7642ffd1476b0ec36435') in 0.040886 seconds
  Import took 0.054330 seconds .

========================================================================
Received Import Request.
  Time since last request: 0.000584 seconds.
  path: Packages/com.unity.searcher/Editor/Resources/FlatSkin/Font/Roboto-Black.ttf
  artifactKey: Guid(1062c701058745940ae5dca6219c64c8) Importer(815301076,1909f56bfc062723c751e8b465ee728b)
Start importing Packages/com.unity.searcher/Editor/Resources/FlatSkin/Font/Roboto-Black.ttf using Guid(1062c701058745940ae5dca6219c64c8) Importer(815301076,1909f56bfc062723c751e8b465ee728b)  -> (artifact id: '40a1968362b749470951dd2a85d75e6b') in 0.040195 seconds
  Import took 0.051953 seconds .

========================================================================
Received Import Request.
  Time since last request: 0.000692 seconds.
  path: Packages/com.unity.searcher/Editor/Resources/FlatSkin/Font/Roboto-Medium.ttf
  artifactKey: Guid(a51a3aebb43ac044989270407476b208) Importer(815301076,1909f56bfc062723c751e8b465ee728b)
Start importing Packages/com.unity.searcher/Editor/Resources/FlatSkin/Font/Roboto-Medium.ttf using Guid(a51a3aebb43ac044989270407476b208) Importer(815301076,1909f56bfc062723c751e8b465ee728b)  -> (artifact id: 'a48d2b34fdcfcf22263e19daaea0c561') in 0.045970 seconds
  Import took 0.059301 seconds .

========================================================================
Received Import Request.
  Time since last request: 0.000815 seconds.
  path: Packages/com.unity.render-pipelines.core/Runtime/Debugging/Prefabs/Fonts/Perfect DOS VGA 437.ttf
  artifactKey: Guid(74a5091d8707f334b9a5c31ef71a64ba) Importer(815301076,1909f56bfc062723c751e8b465ee728b)
Start importing Packages/com.unity.render-pipelines.core/Runtime/Debugging/Prefabs/Fonts/Perfect DOS VGA 437.ttf using Guid(74a5091d8707f334b9a5c31ef71a64ba) Importer(815301076,1909f56bfc062723c751e8b465ee728b)  -> (artifact id: 'c5984967eb4df3d07d5ffd632932bae6') in 0.040746 seconds
  Import took 0.052428 seconds .

========================================================================
Received Import Request.
  Time since last request: 0.000599 seconds.
  path: Packages/com.unity.searcher/Editor/Resources/FlatSkin/Font/Roboto-BoldItalic.ttf
  artifactKey: Guid(dfb97a9307a577a41bcacba34b9a7e32) Importer(815301076,1909f56bfc062723c751e8b465ee728b)
Start importing Packages/com.unity.searcher/Editor/Resources/FlatSkin/Font/Roboto-BoldItalic.ttf using Guid(dfb97a9307a577a41bcacba34b9a7e32) Importer(815301076,1909f56bfc062723c751e8b465ee728b)  -> (artifact id: 'e2ba9c592c60fdf6ed800577fb059c7d') in 0.044829 seconds
  Import took 0.056998 seconds .

========================================================================
Received Import Request.
  Time since last request: 0.000593 seconds.
  path: Packages/com.unity.searcher/Editor/Resources/FlatSkin/Font/Roboto-Light.ttf
  artifactKey: Guid(2a29e27936eb547458f646f71125b264) Importer(815301076,1909f56bfc062723c751e8b465ee728b)
Start importing Packages/com.unity.searcher/Editor/Resources/FlatSkin/Font/Roboto-Light.ttf using Guid(2a29e27936eb547458f646f71125b264) Importer(815301076,1909f56bfc062723c751e8b465ee728b)  -> (artifact id: 'b58c382d943b8fd9f880f4bfac41ae46') in 0.043358 seconds
  Import took 0.055323 seconds .

========================================================================
Received Import Request.
  Time since last request: 0.037847 seconds.
  path: Assets/Materials/Cube.mat
  artifactKey: Guid(0c009b2718d48b147960745f41045bfc) Importer(815301076,1909f56bfc062723c751e8b465ee728b)
Start importing Assets/Materials/Cube.mat using Guid(0c009b2718d48b147960745f41045bfc) Importer(815301076,1909f56bfc062723c751e8b465ee728b)  -> (artifact id: '17f23561dcc32b94a34026a609e01ab1') in 0.055169 seconds
  Import took 0.068020 seconds .

========================================================================
Received Import Request.
  Time since last request: 0.000593 seconds.
  path: Packages/com.unity.searcher/Editor/Resources/FlatSkin/Font/Roboto-Regular.ttf
  artifactKey: Guid(30dc370b164eefc43b95744fc796dad0) Importer(815301076,1909f56bfc062723c751e8b465ee728b)
Start importing Packages/com.unity.searcher/Editor/Resources/FlatSkin/Font/Roboto-Regular.ttf using Guid(30dc370b164eefc43b95744fc796dad0) Importer(815301076,1909f56bfc062723c751e8b465ee728b)  -> (artifact id: '0e9d0f5fc9e55c45547f236936972889') in 0.041654 seconds
  Import took 0.054746 seconds .

========================================================================
Received Import Request.
  Time since last request: 0.000637 seconds.
  path: Packages/com.unity.searcher/Editor/Resources/FlatSkin/Font/Roboto-LightItalic.ttf
  artifactKey: Guid(5e63515167650a541b309ba3bfd4db3d) Importer(815301076,1909f56bfc062723c751e8b465ee728b)
Start importing Packages/com.unity.searcher/Editor/Resources/FlatSkin/Font/Roboto-LightItalic.ttf using Guid(5e63515167650a541b309ba3bfd4db3d) Importer(815301076,1909f56bfc062723c751e8b465ee728b)  -> (artifact id: '4d21ab5e8bfba2c83862062ecafeba2a') in 0.050559 seconds
  Import took 0.063321 seconds .

========================================================================
Received Import Request.
  Time since last request: 617.978014 seconds.
  path: Assets/Prefabs/Deal Damage Particle.prefab
  artifactKey: Guid(bf2ccc321d790964e850ed9a2efd851f) Importer(815301076,1909f56bfc062723c751e8b465ee728b)
Start importing Assets/Prefabs/Deal Damage Particle.prefab using Guid(bf2ccc321d790964e850ed9a2efd851f) Importer(815301076,1909f56bfc062723c751e8b465ee728b)  -> (artifact id: 'eb04801431dd1b47cc8b5e36fb3a5d6c') in 0.051120 seconds
  Import took 0.063310 seconds .

========================================================================
Received Import Request.
  Time since last request: 1.834686 seconds.
  path: Assets/Prefabs/Scarecrow.prefab
  artifactKey: Guid(0f07c35b34ee1ed44a940f96214299c6) Importer(815301076,1909f56bfc062723c751e8b465ee728b)
Start importing Assets/Prefabs/Scarecrow.prefab using Guid(0f07c35b34ee1ed44a940f96214299c6) Importer(815301076,1909f56bfc062723c751e8b465ee728b)  -> (artifact id: '9a7ca054c3e2b375c8f621b5cdc48640') in 0.064631 seconds
  Import took 0.083692 seconds .

========================================================================
Received Prepare
Registering precompiled user dll's ...
Registered in 0.002531 seconds.
Begin MonoManager ReloadAssembly
Native extension for WindowsStandalone target not found
Refreshing native plugins compatible for Editor in 0.74 ms, found 0 plugins.
Preloading 0 native plugins for Editor in 0.00 ms.
Invoked RoslynAnalysisRunner static constructor.
RoslynAnalysisRunner will not be running.
RoslynAnalysisRunner has terminated.
Mono: successfully reloaded assembly
- Completed reload, in  2.055 seconds
Platform modules already initialized, skipping
Shader 'Universal Render Pipeline/Particles/Lit': fallback shader 'Universal Render Pipeline/Particles/SimpleLit' not found
Refreshing native plugins compatible for Editor in 0.48 ms, found 0 plugins.
Preloading 0 native plugins for Editor in 0.00 ms.
Unloading 2465 Unused Serialized files (Serialized files now loaded: 0)
System memory in use before: 121.8 MB.
System memory in use after: 122.0 MB.

Unloading 6 unused Assets to reduce memory usage. Loaded Objects now: 3153.
Total: 3.148100 ms (FindLiveObjects: 0.515500 ms CreateObjectMapping: 0.203400 ms MarkObjects: 2.407800 ms  DeleteObjects: 0.019500 ms)

========================================================================
Received Prepare
Registering precompiled user dll's ...
Registered in 0.004191 seconds.
Begin MonoManager ReloadAssembly
Native extension for WindowsStandalone target not found
Refreshing native plugins compatible for Editor in 1.04 ms, found 0 plugins.
Preloading 0 native plugins for Editor in 0.00 ms.
Invoked RoslynAnalysisRunner static constructor.
RoslynAnalysisRunner will not be running.
RoslynAnalysisRunner has terminated.
Mono: successfully reloaded assembly
- Completed reload, in  1.266 seconds
Platform modules already initialized, skipping
Shader 'Universal Render Pipeline/Particles/Lit': fallback shader 'Universal Render Pipeline/Particles/SimpleLit' not found
Refreshing native plugins compatible for Editor in 0.72 ms, found 0 plugins.
Preloading 0 native plugins for Editor in 0.00 ms.
Unloading 2465 Unused Serialized files (Serialized files now loaded: 0)
System memory in use before: 121.8 MB.
System memory in use after: 122.0 MB.

Unloading 6 unused Assets to reduce memory usage. Loaded Objects now: 3155.
Total: 3.760700 ms (FindLiveObjects: 0.842900 ms CreateObjectMapping: 0.249000 ms MarkObjects: 2.645600 ms  DeleteObjects: 0.020700 ms)

========================================================================
Received Prepare
Registering precompiled user dll's ...
Registered in 0.007370 seconds.
Begin MonoManager ReloadAssembly
Native extension for WindowsStandalone target not found
Refreshing native plugins compatible for Editor in 1.23 ms, found 0 plugins.
Preloading 0 native plugins for Editor in 0.00 ms.
Invoked RoslynAnalysisRunner static constructor.
RoslynAnalysisRunner will not be running.
RoslynAnalysisRunner has terminated.
Mono: successfully reloaded assembly
- Completed reload, in  2.543 seconds
Platform modules already initialized, skipping
Shader 'Universal Render Pipeline/Particles/Lit': fallback shader 'Universal Render Pipeline/Particles/SimpleLit' not found
Refreshing native plugins compatible for Editor in 0.91 ms, found 0 plugins.
Preloading 0 native plugins for Editor in 0.00 ms.
Unloading 2465 Unused Serialized files (Serialized files now loaded: 0)
System memory in use before: 121.8 MB.
System memory in use after: 122.0 MB.

Unloading 6 unused Assets to reduce memory usage. Loaded Objects now: 3157.
Total: 6.748500 ms (FindLiveObjects: 0.670800 ms CreateObjectMapping: 1.157700 ms MarkObjects: 4.886900 ms  DeleteObjects: 0.030800 ms)

========================================================================
Received Prepare
Registering precompiled user dll's ...
Registered in 0.002416 seconds.
Begin MonoManager ReloadAssembly
Native extension for WindowsStandalone target not found
Refreshing native plugins compatible for Editor in 0.85 ms, found 0 plugins.
Preloading 0 native plugins for Editor in 0.00 ms.
Invoked RoslynAnalysisRunner static constructor.
RoslynAnalysisRunner will not be running.
RoslynAnalysisRunner has terminated.
Mono: successfully reloaded assembly
- Completed reload, in  1.515 seconds
Platform modules already initialized, skipping
Shader 'Universal Render Pipeline/Particles/Lit': fallback shader 'Universal Render Pipeline/Particles/SimpleLit' not found
Refreshing native plugins compatible for Editor in 0.67 ms, found 0 plugins.
Preloading 0 native plugins for Editor in 0.00 ms.
Unloading 2465 Unused Serialized files (Serialized files now loaded: 0)
System memory in use before: 121.8 MB.
System memory in use after: 122.0 MB.

Unloading 6 unused Assets to reduce memory usage. Loaded Objects now: 3159.
Total: 4.639500 ms (FindLiveObjects: 0.639700 ms CreateObjectMapping: 0.193400 ms MarkObjects: 3.772300 ms  DeleteObjects: 0.031400 ms)

========================================================================
Received Import Request.
  Time since last request: 494.786556 seconds.
  path: Assets/Prefabs/Deal Damage Particle.prefab
  artifactKey: Guid(bf2ccc321d790964e850ed9a2efd851f) Importer(815301076,1909f56bfc062723c751e8b465ee728b)
Start importing Assets/Prefabs/Deal Damage Particle.prefab using Guid(bf2ccc321d790964e850ed9a2efd851f) Importer(815301076,1909f56bfc062723c751e8b465ee728b)  -> (artifact id: 'ca7b81519e71af22f38c9d5a6c313f3f') in 0.097640 seconds
  Import took 0.111040 seconds .

========================================================================
Received Import Request.
  Time since last request: 9.078519 seconds.
  path: Assets/Prefabs/Deal Damage Particle.prefab
  artifactKey: Guid(bf2ccc321d790964e850ed9a2efd851f) Importer(815301076,1909f56bfc062723c751e8b465ee728b)
Start importing Assets/Prefabs/Deal Damage Particle.prefab using Guid(bf2ccc321d790964e850ed9a2efd851f) Importer(815301076,1909f56bfc062723c751e8b465ee728b)  -> (artifact id: '033d8294dc9a3678bb74f9203c589247') in 0.012473 seconds
  Import took 0.019121 seconds .

========================================================================
Received Import Request.
  Time since last request: 0.000454 seconds.
  path: Assets/Prefabs/Deal Damage Particle.prefab
  artifactKey: Guid(bf2ccc321d790964e850ed9a2efd851f) Importer(815301076,1909f56bfc062723c751e8b465ee728b)
Start importing Assets/Prefabs/Deal Damage Particle.prefab using Guid(bf2ccc321d790964e850ed9a2efd851f) Importer(815301076,1909f56bfc062723c751e8b465ee728b)  -> (artifact id: '033d8294dc9a3678bb74f9203c589247') in 0.014178 seconds
  Import took 0.024130 seconds .

========================================================================
Received Import Request.
  Time since last request: 1.193852 seconds.
  path: Assets/Prefabs/Deal Damage Particle.prefab
  artifactKey: Guid(bf2ccc321d790964e850ed9a2efd851f) Importer(815301076,1909f56bfc062723c751e8b465ee728b)
Start importing Assets/Prefabs/Deal Damage Particle.prefab using Guid(bf2ccc321d790964e850ed9a2efd851f) Importer(815301076,1909f56bfc062723c751e8b465ee728b)  -> (artifact id: 'f6ad12e4a7a0042994f6f5b0d0b8363c') in 0.014430 seconds
  Import took 0.022544 seconds .

========================================================================
Received Prepare
Registering precompiled user dll's ...
Registered in 0.002366 seconds.
Begin MonoManager ReloadAssembly
Native extension for WindowsStandalone target not found
Refreshing native plugins compatible for Editor in 0.71 ms, found 0 plugins.
Preloading 0 native plugins for Editor in 0.00 ms.
Invoked RoslynAnalysisRunner static constructor.
RoslynAnalysisRunner will not be running.
RoslynAnalysisRunner has terminated.
Mono: successfully reloaded assembly
- Completed reload, in  1.925 seconds
Platform modules already initialized, skipping
Shader 'Universal Render Pipeline/Particles/Lit': fallback shader 'Universal Render Pipeline/Particles/SimpleLit' not found
Refreshing native plugins compatible for Editor in 1.01 ms, found 0 plugins.
Preloading 0 native plugins for Editor in 0.00 ms.
Unloading 2465 Unused Serialized files (Serialized files now loaded: 0)
System memory in use before: 121.7 MB.
System memory in use after: 121.9 MB.

Unloading 6 unused Assets to reduce memory usage. Loaded Objects now: 3161.
Total: 4.874000 ms (FindLiveObjects: 0.712700 ms CreateObjectMapping: 0.292300 ms MarkObjects: 3.838500 ms  DeleteObjects: 0.028600 ms)

========================================================================
Received Import Request.
  Time since last request: 35.279249 seconds.
  path: Assets/Prefabs/Deal Damage Particle.prefab
  artifactKey: Guid(bf2ccc321d790964e850ed9a2efd851f) Importer(815301076,1909f56bfc062723c751e8b465ee728b)
Start importing Assets/Prefabs/Deal Damage Particle.prefab using Guid(bf2ccc321d790964e850ed9a2efd851f) Importer(815301076,1909f56bfc062723c751e8b465ee728b)  -> (artifact id: 'aadc32f403a4488b90303b801d9bd200') in 0.059207 seconds
  Import took 0.071522 seconds .

========================================================================
Received Import Request.
  Time since last request: 2.770777 seconds.
  path: Assets/Prefabs/Deal Damage Particle.prefab
  artifactKey: Guid(bf2ccc321d790964e850ed9a2efd851f) Importer(815301076,1909f56bfc062723c751e8b465ee728b)
Start importing Assets/Prefabs/Deal Damage Particle.prefab using Guid(bf2ccc321d790964e850ed9a2efd851f) Importer(815301076,1909f56bfc062723c751e8b465ee728b)  -> (artifact id: 'aadc32f403a4488b90303b801d9bd200') in 0.013507 seconds
  Import took 0.021223 seconds .

========================================================================
Received Prepare
Registering precompiled user dll's ...
Registered in 0.003721 seconds.
Begin MonoManager ReloadAssembly
Native extension for WindowsStandalone target not found
Refreshing native plugins compatible for Editor in 0.70 ms, found 0 plugins.
Preloading 0 native plugins for Editor in 0.00 ms.
Invoked RoslynAnalysisRunner static constructor.
RoslynAnalysisRunner will not be running.
RoslynAnalysisRunner has terminated.
Mono: successfully reloaded assembly
- Completed reload, in  2.489 seconds
Platform modules already initialized, skipping
Shader 'Universal Render Pipeline/Particles/Lit': fallback shader 'Universal Render Pipeline/Particles/SimpleLit' not found
Refreshing native plugins compatible for Editor in 1.00 ms, found 0 plugins.
Preloading 0 native plugins for Editor in 0.00 ms.
Unloading 2465 Unused Serialized files (Serialized files now loaded: 0)
System memory in use before: 121.8 MB.
System memory in use after: 122.0 MB.

Unloading 6 unused Assets to reduce memory usage. Loaded Objects now: 3163.
Total: 6.912500 ms (FindLiveObjects: 0.727700 ms CreateObjectMapping: 0.397800 ms MarkObjects: 5.713100 ms  DeleteObjects: 0.055400 ms)

========================================================================
Received Prepare
Registering precompiled user dll's ...
Registered in 0.006941 seconds.
Begin MonoManager ReloadAssembly
Native extension for WindowsStandalone target not found
Refreshing native plugins compatible for Editor in 0.62 ms, found 0 plugins.
Preloading 0 native plugins for Editor in 0.00 ms.
Invoked RoslynAnalysisRunner static constructor.
RoslynAnalysisRunner will not be running.
RoslynAnalysisRunner has terminated.
Mono: successfully reloaded assembly
- Completed reload, in  1.705 seconds
Platform modules already initialized, skipping
Shader 'Universal Render Pipeline/Particles/Lit': fallback shader 'Universal Render Pipeline/Particles/SimpleLit' not found
Refreshing native plugins compatible for Editor in 0.66 ms, found 0 plugins.
Preloading 0 native plugins for Editor in 0.00 ms.
Unloading 2465 Unused Serialized files (Serialized files now loaded: 0)
System memory in use before: 121.8 MB.
System memory in use after: 122.0 MB.

Unloading 6 unused Assets to reduce memory usage. Loaded Objects now: 3165.
Total: 4.927200 ms (FindLiveObjects: 0.611600 ms CreateObjectMapping: 0.288300 ms MarkObjects: 3.997800 ms  DeleteObjects: 0.027000 ms)

========================================================================
Received Prepare
Registering precompiled user dll's ...
Registered in 0.004142 seconds.
Begin MonoManager ReloadAssembly
Native extension for WindowsStandalone target not found
Refreshing native plugins compatible for Editor in 0.66 ms, found 0 plugins.
Preloading 0 native plugins for Editor in 0.00 ms.
Invoked RoslynAnalysisRunner static constructor.
RoslynAnalysisRunner will not be running.
RoslynAnalysisRunner has terminated.
Mono: successfully reloaded assembly
- Completed reload, in  2.216 seconds
Platform modules already initialized, skipping
Shader 'Universal Render Pipeline/Particles/Lit': fallback shader 'Universal Render Pipeline/Particles/SimpleLit' not found
Refreshing native plugins compatible for Editor in 0.65 ms, found 0 plugins.
Preloading 0 native plugins for Editor in 0.00 ms.
Unloading 2465 Unused Serialized files (Serialized files now loaded: 0)
System memory in use before: 121.8 MB.
System memory in use after: 122.0 MB.

Unloading 6 unused Assets to reduce memory usage. Loaded Objects now: 3167.
Total: 3.883000 ms (FindLiveObjects: 0.430100 ms CreateObjectMapping: 0.228600 ms MarkObjects: 3.191800 ms  DeleteObjects: 0.030300 ms)

========================================================================
Received Prepare
Registering precompiled user dll's ...
Registered in 0.004351 seconds.
Begin MonoManager ReloadAssembly
Native extension for WindowsStandalone target not found
Refreshing native plugins compatible for Editor in 0.67 ms, found 0 plugins.
Preloading 0 native plugins for Editor in 0.00 ms.
Invoked RoslynAnalysisRunner static constructor.
RoslynAnalysisRunner will not be running.
RoslynAnalysisRunner has terminated.
Mono: successfully reloaded assembly
- Completed reload, in  2.223 seconds
Platform modules already initialized, skipping
Shader 'Universal Render Pipeline/Particles/Lit': fallback shader 'Universal Render Pipeline/Particles/SimpleLit' not found
Refreshing native plugins compatible for Editor in 0.81 ms, found 0 plugins.
Preloading 0 native plugins for Editor in 0.00 ms.
Unloading 2465 Unused Serialized files (Serialized files now loaded: 0)
System memory in use before: 121.8 MB.
System memory in use after: 122.0 MB.

Unloading 6 unused Assets to reduce memory usage. Loaded Objects now: 3169.
Total: 4.000600 ms (FindLiveObjects: 0.363600 ms CreateObjectMapping: 0.167000 ms MarkObjects: 3.438000 ms  DeleteObjects: 0.029700 ms)

========================================================================
Received Import Request.
  Time since last request: 413.896210 seconds.
  path: Assets/Prefabs/Player.prefab
  artifactKey: Guid(bda6cdac6aaac084190e5961c00a29ad) Importer(815301076,1909f56bfc062723c751e8b465ee728b)
Start importing Assets/Prefabs/Player.prefab using Guid(bda6cdac6aaac084190e5961c00a29ad) Importer(815301076,1909f56bfc062723c751e8b465ee728b)  -> (artifact id: '7393cda177f74f67dcc717fa4f6433ab') in 0.238630 seconds
  Import took 0.251658 seconds .

========================================================================
Received Import Request.
  Time since last request: 3.318402 seconds.
  path: Assets/Prefabs/Gamepad Canvas.prefab
  artifactKey: Guid(d59c4466f7efe4440bbbe3a88e3a0023) Importer(815301076,1909f56bfc062723c751e8b465ee728b)
Start importing Assets/Prefabs/Gamepad Canvas.prefab using Guid(d59c4466f7efe4440bbbe3a88e3a0023) Importer(815301076,1909f56bfc062723c751e8b465ee728b)  -> (artifact id: '17d6c03c848a25331a39c0658ce2cba8') in 0.050014 seconds
  Import took 0.056781 seconds .

========================================================================
Received Import Request.
  Time since last request: 0.008410 seconds.
  path: Assets/Prefabs/Gamepad Canvas.prefab
  artifactKey: Guid(d59c4466f7efe4440bbbe3a88e3a0023) Importer(815301076,1909f56bfc062723c751e8b465ee728b)
Start importing Assets/Prefabs/Gamepad Canvas.prefab using Guid(d59c4466f7efe4440bbbe3a88e3a0023) Importer(815301076,1909f56bfc062723c751e8b465ee728b)  -> (artifact id: '17d6c03c848a25331a39c0658ce2cba8') in 0.014610 seconds
  Import took 0.025299 seconds .

========================================================================
Received Import Request.
  Time since last request: 4.709290 seconds.
  path: Assets/Prefabs/Scarecrow.prefab
  artifactKey: Guid(0f07c35b34ee1ed44a940f96214299c6) Importer(815301076,1909f56bfc062723c751e8b465ee728b)
Start importing Assets/Prefabs/Scarecrow.prefab using Guid(0f07c35b34ee1ed44a940f96214299c6) Importer(815301076,1909f56bfc062723c751e8b465ee728b)  -> (artifact id: 'ded346cc5f399914301139fb7d86c354') in 0.033536 seconds
  Import took 0.043932 seconds .

========================================================================
Received Import Request.
  Time since last request: 546.099723 seconds.
  path: Assets/Materials/Scarecrow.mat
  artifactKey: Guid(ffca4ac2c37f84749903eee66a4ed258) Importer(815301076,1909f56bfc062723c751e8b465ee728b)
Start importing Assets/Materials/Scarecrow.mat using Guid(ffca4ac2c37f84749903eee66a4ed258) Importer(815301076,1909f56bfc062723c751e8b465ee728b)  -> (artifact id: '597bf1c92ad8e1bc409d786217209045') in 0.055287 seconds
  Import took 0.064328 seconds .

========================================================================
Received Import Request.
  Time since last request: 23.012442 seconds.
  path: Assets/Materials/Scarecrow.mat
  artifactKey: Guid(ffca4ac2c37f84749903eee66a4ed258) Importer(815301076,1909f56bfc062723c751e8b465ee728b)
Start importing Assets/Materials/Scarecrow.mat using Guid(ffca4ac2c37f84749903eee66a4ed258) Importer(815301076,1909f56bfc062723c751e8b465ee728b)  -> (artifact id: 'ab7e988dcaa50938e43b27d2e7c4821a') in 0.033541 seconds
  Import took 0.044087 seconds .

========================================================================
Received Import Request.
  Time since last request: 146.817476 seconds.
  path: Assets/Materials/Scarecrow.mat
  artifactKey: Guid(ffca4ac2c37f84749903eee66a4ed258) Importer(815301076,1909f56bfc062723c751e8b465ee728b)
Start importing Assets/Materials/Scarecrow.mat using Guid(ffca4ac2c37f84749903eee66a4ed258) Importer(815301076,1909f56bfc062723c751e8b465ee728b)  -> (artifact id: '507d0bf88d841c3977f269f1b3c1f916') in 0.033275 seconds
  Import took 0.042567 seconds .

========================================================================
Received Import Request.
  Time since last request: 57.090961 seconds.
  path: Assets/Materials/New Physic Material.physicMaterial
  artifactKey: Guid(b8ff3221b96104c4bb218395f96e601b) Importer(815301076,1909f56bfc062723c751e8b465ee728b)
Start importing Assets/Materials/New Physic Material.physicMaterial using Guid(b8ff3221b96104c4bb218395f96e601b) Importer(815301076,1909f56bfc062723c751e8b465ee728b)  -> (artifact id: '865f701d28824e83e30304f87139b4f1') in 0.016550 seconds
  Import took 0.026630 seconds .

========================================================================
Received Import Request.
  Time since last request: 7.148911 seconds.
  path: Assets/Materials/New Physic Material.physicMaterial
  artifactKey: Guid(b8ff3221b96104c4bb218395f96e601b) Importer(815301076,1909f56bfc062723c751e8b465ee728b)
Start importing Assets/Materials/New Physic Material.physicMaterial using Guid(b8ff3221b96104c4bb218395f96e601b) Importer(815301076,1909f56bfc062723c751e8b465ee728b)  -> (artifact id: '18d7f17f1623e78601ace1b8e7d9e5ea') in 0.008578 seconds
  Import took 0.014635 seconds .

========================================================================
Received Import Request.
  Time since last request: 0.001814 seconds.
  path: Assets/Materials/New Physic Material.physicMaterial
  artifactKey: Guid(b8ff3221b96104c4bb218395f96e601b) Importer(815301076,1909f56bfc062723c751e8b465ee728b)
Start importing Assets/Materials/New Physic Material.physicMaterial using Guid(b8ff3221b96104c4bb218395f96e601b) Importer(815301076,1909f56bfc062723c751e8b465ee728b)  -> (artifact id: '18d7f17f1623e78601ace1b8e7d9e5ea') in 0.010083 seconds
  Import took 0.017007 seconds .

========================================================================
Received Import Request.
  Time since last request: 38.244686 seconds.
  path: Assets/Materials/Scarecrow.physicMaterial
  artifactKey: Guid(b8ff3221b96104c4bb218395f96e601b) Importer(815301076,1909f56bfc062723c751e8b465ee728b)
Start importing Assets/Materials/Scarecrow.physicMaterial using Guid(b8ff3221b96104c4bb218395f96e601b) Importer(815301076,1909f56bfc062723c751e8b465ee728b)  -> (artifact id: '9eb35fbd59553c6ce0385b43739df9e4') in 0.007207 seconds
  Import took 0.014848 seconds .

========================================================================
Received Import Request.
  Time since last request: 0.008469 seconds.
  path: Assets/Materials/Scarecrow.physicMaterial
  artifactKey: Guid(b8ff3221b96104c4bb218395f96e601b) Importer(815301076,1909f56bfc062723c751e8b465ee728b)
Start importing Assets/Materials/Scarecrow.physicMaterial using Guid(b8ff3221b96104c4bb218395f96e601b) Importer(815301076,1909f56bfc062723c751e8b465ee728b)  -> (artifact id: '9eb35fbd59553c6ce0385b43739df9e4') in 0.011972 seconds
  Import took 0.019147 seconds .

========================================================================
Received Import Request.
  Time since last request: 19.302208 seconds.
  path: Assets/Materials/New Physic Material.physicMaterial
  artifactKey: Guid(46d3a06d10527204db447b3a4608dc3b) Importer(815301076,1909f56bfc062723c751e8b465ee728b)
Start importing Assets/Materials/New Physic Material.physicMaterial using Guid(46d3a06d10527204db447b3a4608dc3b) Importer(815301076,1909f56bfc062723c751e8b465ee728b)  -> (artifact id: '6c8ec37ede859b02f7de6e970f503ddd') in 0.008129 seconds
  Import took 0.014414 seconds .

========================================================================
Received Import Request.
  Time since last request: 0.001810 seconds.
  path: Assets/Materials/New Physic Material.physicMaterial
  artifactKey: Guid(46d3a06d10527204db447b3a4608dc3b) Importer(815301076,1909f56bfc062723c751e8b465ee728b)
Start importing Assets/Materials/New Physic Material.physicMaterial using Guid(46d3a06d10527204db447b3a4608dc3b) Importer(815301076,1909f56bfc062723c751e8b465ee728b)  -> (artifact id: '6c8ec37ede859b02f7de6e970f503ddd') in 0.012476 seconds
  Import took 0.022214 seconds .

========================================================================
Received Import Request.
  Time since last request: 91.397860 seconds.
  path: Assets/Materials/Scarecrow.physicMaterial
  artifactKey: Guid(b8ff3221b96104c4bb218395f96e601b) Importer(815301076,1909f56bfc062723c751e8b465ee728b)
Start importing Assets/Materials/Scarecrow.physicMaterial using Guid(b8ff3221b96104c4bb218395f96e601b) Importer(815301076,1909f56bfc062723c751e8b465ee728b)  -> (artifact id: 'a3bd55dbd4712737bfe21c931c6d2ae8') in 0.010233 seconds
  Import took 0.022797 seconds .

========================================================================
Received Prepare
Registering precompiled user dll's ...
Registered in 0.002527 seconds.
Begin MonoManager ReloadAssembly
Native extension for WindowsStandalone target not found
Refreshing native plugins compatible for Editor in 0.65 ms, found 0 plugins.
Preloading 0 native plugins for Editor in 0.00 ms.
Invoked RoslynAnalysisRunner static constructor.
RoslynAnalysisRunner will not be running.
RoslynAnalysisRunner has terminated.
Mono: successfully reloaded assembly
- Completed reload, in  2.415 seconds
Platform modules already initialized, skipping
Shader 'Universal Render Pipeline/Particles/Lit': fallback shader 'Universal Render Pipeline/Particles/SimpleLit' not found
Refreshing native plugins compatible for Editor in 0.68 ms, found 0 plugins.
Preloading 0 native plugins for Editor in 0.00 ms.
Unloading 2465 Unused Serialized files (Serialized files now loaded: 0)
System memory in use before: 122.0 MB.
System memory in use after: 122.2 MB.

Unloading 7 unused Assets to reduce memory usage. Loaded Objects now: 3207.
Total: 5.427700 ms (FindLiveObjects: 1.142300 ms CreateObjectMapping: 0.466200 ms MarkObjects: 3.773300 ms  DeleteObjects: 0.043500 ms)

========================================================================
Received Prepare
Registering precompiled user dll's ...
Registered in 0.003799 seconds.
Begin MonoManager ReloadAssembly
Native extension for WindowsStandalone target not found
Refreshing native plugins compatible for Editor in 0.50 ms, found 0 plugins.
Preloading 0 native plugins for Editor in 0.00 ms.
Invoked RoslynAnalysisRunner static constructor.
RoslynAnalysisRunner will not be running.
RoslynAnalysisRunner has terminated.
Mono: successfully reloaded assembly
- Completed reload, in  1.537 seconds
Platform modules already initialized, skipping
Shader 'Universal Render Pipeline/Particles/Lit': fallback shader 'Universal Render Pipeline/Particles/SimpleLit' not found
Refreshing native plugins compatible for Editor in 0.72 ms, found 0 plugins.
Preloading 0 native plugins for Editor in 0.00 ms.
Unloading 2465 Unused Serialized files (Serialized files now loaded: 0)
System memory in use before: 122.0 MB.
System memory in use after: 122.2 MB.

Unloading 6 unused Assets to reduce memory usage. Loaded Objects now: 3209.
Total: 4.100800 ms (FindLiveObjects: 0.388500 ms CreateObjectMapping: 0.173900 ms MarkObjects: 3.505000 ms  DeleteObjects: 0.031300 ms)

========================================================================
Received Prepare
Registering precompiled user dll's ...
Registered in 0.006002 seconds.
Begin MonoManager ReloadAssembly
Native extension for WindowsStandalone target not found
Refreshing native plugins compatible for Editor in 0.62 ms, found 0 plugins.
Preloading 0 native plugins for Editor in 0.00 ms.
Invoked RoslynAnalysisRunner static constructor.
RoslynAnalysisRunner will not be running.
RoslynAnalysisRunner has terminated.
Mono: successfully reloaded assembly
- Completed reload, in  2.882 seconds
Platform modules already initialized, skipping
Shader 'Universal Render Pipeline/Particles/Lit': fallback shader 'Universal Render Pipeline/Particles/SimpleLit' not found
Refreshing native plugins compatible for Editor in 0.54 ms, found 0 plugins.
Preloading 0 native plugins for Editor in 0.00 ms.
Unloading 2465 Unused Serialized files (Serialized files now loaded: 0)
System memory in use before: 122.0 MB.
System memory in use after: 122.2 MB.

Unloading 6 unused Assets to reduce memory usage. Loaded Objects now: 3211.
Total: 2.607300 ms (FindLiveObjects: 0.379000 ms CreateObjectMapping: 0.170700 ms MarkObjects: 2.032900 ms  DeleteObjects: 0.023100 ms)

========================================================================
Received Prepare
Registering precompiled user dll's ...
Registered in 0.004386 seconds.
Begin MonoManager ReloadAssembly
Native extension for WindowsStandalone target not found
Refreshing native plugins compatible for Editor in 0.49 ms, found 0 plugins.
Preloading 0 native plugins for Editor in 0.00 ms.
Invoked RoslynAnalysisRunner static constructor.
RoslynAnalysisRunner will not be running.
RoslynAnalysisRunner has terminated.
Mono: successfully reloaded assembly
- Completed reload, in  1.293 seconds
Platform modules already initialized, skipping
Shader 'Universal Render Pipeline/Particles/Lit': fallback shader 'Universal Render Pipeline/Particles/SimpleLit' not found
Refreshing native plugins compatible for Editor in 0.49 ms, found 0 plugins.
Preloading 0 native plugins for Editor in 0.00 ms.
Unloading 2465 Unused Serialized files (Serialized files now loaded: 0)
System memory in use before: 121.9 MB.
System memory in use after: 122.1 MB.

Unloading 6 unused Assets to reduce memory usage. Loaded Objects now: 3213.
Total: 2.400000 ms (FindLiveObjects: 0.285900 ms CreateObjectMapping: 0.146400 ms MarkObjects: 1.940700 ms  DeleteObjects: 0.025700 ms)

========================================================================
Received Prepare
Registering precompiled user dll's ...
Registered in 0.002499 seconds.
Begin MonoManager ReloadAssembly
Native extension for WindowsStandalone target not found
Refreshing native plugins compatible for Editor in 0.80 ms, found 0 plugins.
Preloading 0 native plugins for Editor in 0.00 ms.
Invoked RoslynAnalysisRunner static constructor.
RoslynAnalysisRunner will not be running.
RoslynAnalysisRunner has terminated.
Mono: successfully reloaded assembly
- Completed reload, in  1.818 seconds
Platform modules already initialized, skipping
Shader 'Universal Render Pipeline/Particles/Lit': fallback shader 'Universal Render Pipeline/Particles/SimpleLit' not found
Refreshing native plugins compatible for Editor in 1.06 ms, found 0 plugins.
Preloading 0 native plugins for Editor in 0.00 ms.
Unloading 2465 Unused Serialized files (Serialized files now loaded: 0)
System memory in use before: 122.0 MB.
System memory in use after: 122.2 MB.

Unloading 6 unused Assets to reduce memory usage. Loaded Objects now: 3215.
Total: 6.687700 ms (FindLiveObjects: 0.457500 ms CreateObjectMapping: 0.367900 ms MarkObjects: 5.800400 ms  DeleteObjects: 0.058200 ms)

========================================================================
Received Prepare
Registering precompiled user dll's ...
Registered in 0.002647 seconds.
Begin MonoManager ReloadAssembly
Native extension for WindowsStandalone target not found
Refreshing native plugins compatible for Editor in 0.62 ms, found 0 plugins.
Preloading 0 native plugins for Editor in 0.00 ms.
Invoked RoslynAnalysisRunner static constructor.
RoslynAnalysisRunner will not be running.
RoslynAnalysisRunner has terminated.
Mono: successfully reloaded assembly
- Completed reload, in  2.079 seconds
Platform modules already initialized, skipping
Shader 'Universal Render Pipeline/Particles/Lit': fallback shader 'Universal Render Pipeline/Particles/SimpleLit' not found
Refreshing native plugins compatible for Editor in 0.72 ms, found 0 plugins.
Preloading 0 native plugins for Editor in 0.00 ms.
Unloading 2465 Unused Serialized files (Serialized files now loaded: 0)
System memory in use before: 122.0 MB.
System memory in use after: 122.2 MB.

Unloading 6 unused Assets to reduce memory usage. Loaded Objects now: 3217.
Total: 4.067700 ms (FindLiveObjects: 0.421900 ms CreateObjectMapping: 0.203100 ms MarkObjects: 3.412900 ms  DeleteObjects: 0.028000 ms)

========================================================================
Received Prepare
Registering precompiled user dll's ...
Registered in 0.002948 seconds.
Begin MonoManager ReloadAssembly
Native extension for WindowsStandalone target not found
Refreshing native plugins compatible for Editor in 0.82 ms, found 0 plugins.
Preloading 0 native plugins for Editor in 0.00 ms.
Invoked RoslynAnalysisRunner static constructor.
RoslynAnalysisRunner will not be running.
RoslynAnalysisRunner has terminated.
Mono: successfully reloaded assembly
- Completed reload, in  1.519 seconds
Platform modules already initialized, skipping
Shader 'Universal Render Pipeline/Particles/Lit': fallback shader 'Universal Render Pipeline/Particles/SimpleLit' not found
Refreshing native plugins compatible for Editor in 0.66 ms, found 0 plugins.
Preloading 0 native plugins for Editor in 0.00 ms.
Unloading 2465 Unused Serialized files (Serialized files now loaded: 0)
System memory in use before: 122.0 MB.
System memory in use after: 122.2 MB.

Unloading 6 unused Assets to reduce memory usage. Loaded Objects now: 3219.
Total: 4.344700 ms (FindLiveObjects: 0.560000 ms CreateObjectMapping: 0.224900 ms MarkObjects: 3.530500 ms  DeleteObjects: 0.027200 ms)

========================================================================
Received Prepare
Registering precompiled user dll's ...
Registered in 0.005262 seconds.
Begin MonoManager ReloadAssembly
Native extension for WindowsStandalone target not found
Refreshing native plugins compatible for Editor in 0.50 ms, found 0 plugins.
Preloading 0 native plugins for Editor in 0.00 ms.
Invoked RoslynAnalysisRunner static constructor.
RoslynAnalysisRunner will not be running.
RoslynAnalysisRunner has terminated.
Mono: successfully reloaded assembly
- Completed reload, in  1.581 seconds
Platform modules already initialized, skipping
Shader 'Universal Render Pipeline/Particles/Lit': fallback shader 'Universal Render Pipeline/Particles/SimpleLit' not found
Refreshing native plugins compatible for Editor in 0.43 ms, found 0 plugins.
Preloading 0 native plugins for Editor in 0.00 ms.
Unloading 2465 Unused Serialized files (Serialized files now loaded: 0)
System memory in use before: 122.0 MB.
System memory in use after: 122.2 MB.

Unloading 6 unused Assets to reduce memory usage. Loaded Objects now: 3221.
Total: 2.547600 ms (FindLiveObjects: 0.286900 ms CreateObjectMapping: 0.171100 ms MarkObjects: 2.069400 ms  DeleteObjects: 0.019100 ms)

========================================================================
Received Prepare
Registering precompiled user dll's ...
Registered in 0.002938 seconds.
Begin MonoManager ReloadAssembly
Native extension for WindowsStandalone target not found
Refreshing native plugins compatible for Editor in 0.44 ms, found 0 plugins.
Preloading 0 native plugins for Editor in 0.00 ms.
Invoked RoslynAnalysisRunner static constructor.
RoslynAnalysisRunner will not be running.
RoslynAnalysisRunner has terminated.
Mono: successfully reloaded assembly
- Completed reload, in  1.503 seconds
Platform modules already initialized, skipping
Shader 'Universal Render Pipeline/Particles/Lit': fallback shader 'Universal Render Pipeline/Particles/SimpleLit' not found
Refreshing native plugins compatible for Editor in 0.66 ms, found 0 plugins.
Preloading 0 native plugins for Editor in 0.00 ms.
Unloading 2465 Unused Serialized files (Serialized files now loaded: 0)
System memory in use before: 122.0 MB.
System memory in use after: 122.2 MB.

Unloading 6 unused Assets to reduce memory usage. Loaded Objects now: 3223.
Total: 4.079200 ms (FindLiveObjects: 0.459700 ms CreateObjectMapping: 0.215900 ms MarkObjects: 3.360600 ms  DeleteObjects: 0.040200 ms)

========================================================================
Received Prepare
Registering precompiled user dll's ...
Registered in 0.003354 seconds.
Begin MonoManager ReloadAssembly
Native extension for WindowsStandalone target not found
Refreshing native plugins compatible for Editor in 0.53 ms, found 0 plugins.
Preloading 0 native plugins for Editor in 0.00 ms.
Invoked RoslynAnalysisRunner static constructor.
RoslynAnalysisRunner will not be running.
RoslynAnalysisRunner has terminated.
Mono: successfully reloaded assembly
- Completed reload, in  2.091 seconds
Platform modules already initialized, skipping
Shader 'Universal Render Pipeline/Particles/Lit': fallback shader 'Universal Render Pipeline/Particles/SimpleLit' not found
Refreshing native plugins compatible for Editor in 0.69 ms, found 0 plugins.
Preloading 0 native plugins for Editor in 0.00 ms.
Unloading 2465 Unused Serialized files (Serialized files now loaded: 0)
System memory in use before: 122.0 MB.
System memory in use after: 122.2 MB.

Unloading 6 unused Assets to reduce memory usage. Loaded Objects now: 3225.
Total: 5.325200 ms (FindLiveObjects: 0.780100 ms CreateObjectMapping: 0.433900 ms MarkObjects: 4.073100 ms  DeleteObjects: 0.035200 ms)

========================================================================
Received Prepare
Registering precompiled user dll's ...
Registered in 0.002472 seconds.
Begin MonoManager ReloadAssembly
Native extension for WindowsStandalone target not found
Refreshing native plugins compatible for Editor in 0.66 ms, found 0 plugins.
Preloading 0 native plugins for Editor in 0.00 ms.
Invoked RoslynAnalysisRunner static constructor.
RoslynAnalysisRunner will not be running.
RoslynAnalysisRunner has terminated.
Mono: successfully reloaded assembly
- Completed reload, in  2.266 seconds
Platform modules already initialized, skipping
Shader 'Universal Render Pipeline/Particles/Lit': fallback shader 'Universal Render Pipeline/Particles/SimpleLit' not found
Refreshing native plugins compatible for Editor in 0.66 ms, found 0 plugins.
Preloading 0 native plugins for Editor in 0.00 ms.
Unloading 2465 Unused Serialized files (Serialized files now loaded: 0)
System memory in use before: 122.0 MB.
System memory in use after: 122.2 MB.

Unloading 6 unused Assets to reduce memory usage. Loaded Objects now: 3227.
Total: 4.273900 ms (FindLiveObjects: 0.458900 ms CreateObjectMapping: 0.258200 ms MarkObjects: 3.525400 ms  DeleteObjects: 0.029400 ms)

========================================================================
Received Prepare
Registering precompiled user dll's ...
Registered in 0.004005 seconds.
Begin MonoManager ReloadAssembly
Native extension for WindowsStandalone target not found
Refreshing native plugins compatible for Editor in 0.52 ms, found 0 plugins.
Preloading 0 native plugins for Editor in 0.00 ms.
Invoked RoslynAnalysisRunner static constructor.
RoslynAnalysisRunner will not be running.
RoslynAnalysisRunner has terminated.
Mono: successfully reloaded assembly
- Completed reload, in  1.491 seconds
Platform modules already initialized, skipping
Shader 'Universal Render Pipeline/Particles/Lit': fallback shader 'Universal Render Pipeline/Particles/SimpleLit' not found
Refreshing native plugins compatible for Editor in 0.42 ms, found 0 plugins.
Preloading 0 native plugins for Editor in 0.00 ms.
Unloading 2465 Unused Serialized files (Serialized files now loaded: 0)
System memory in use before: 121.9 MB.
System memory in use after: 122.1 MB.

Unloading 6 unused Assets to reduce memory usage. Loaded Objects now: 3229.
Total: 2.835100 ms (FindLiveObjects: 0.340700 ms CreateObjectMapping: 0.194800 ms MarkObjects: 2.278300 ms  DeleteObjects: 0.019900 ms)

========================================================================
Received Prepare
Registering precompiled user dll's ...
Registered in 0.004693 seconds.
Begin MonoManager ReloadAssembly
Native extension for WindowsStandalone target not found
Refreshing native plugins compatible for Editor in 0.76 ms, found 0 plugins.
Preloading 0 native plugins for Editor in 0.00 ms.
Invoked RoslynAnalysisRunner static constructor.
RoslynAnalysisRunner will not be running.
RoslynAnalysisRunner has terminated.
Mono: successfully reloaded assembly
- Completed reload, in  3.035 seconds
Platform modules already initialized, skipping
Shader 'Universal Render Pipeline/Particles/Lit': fallback shader 'Universal Render Pipeline/Particles/SimpleLit' not found
Refreshing native plugins compatible for Editor in 1.04 ms, found 0 plugins.
Preloading 0 native plugins for Editor in 0.00 ms.
Unloading 2465 Unused Serialized files (Serialized files now loaded: 0)
System memory in use before: 122.0 MB.
System memory in use after: 122.2 MB.

Unloading 6 unused Assets to reduce memory usage. Loaded Objects now: 3231.
Total: 5.248700 ms (FindLiveObjects: 0.679500 ms CreateObjectMapping: 0.303200 ms MarkObjects: 4.220700 ms  DeleteObjects: 0.042600 ms)

========================================================================
Received Prepare
Registering precompiled user dll's ...
Registered in 0.002351 seconds.
Begin MonoManager ReloadAssembly
Native extension for WindowsStandalone target not found
Refreshing native plugins compatible for Editor in 0.67 ms, found 0 plugins.
Preloading 0 native plugins for Editor in 0.00 ms.
Invoked RoslynAnalysisRunner static constructor.
RoslynAnalysisRunner will not be running.
RoslynAnalysisRunner has terminated.
Mono: successfully reloaded assembly
- Completed reload, in  2.961 seconds
Platform modules already initialized, skipping
Shader 'Universal Render Pipeline/Particles/Lit': fallback shader 'Universal Render Pipeline/Particles/SimpleLit' not found
Refreshing native plugins compatible for Editor in 0.65 ms, found 0 plugins.
Preloading 0 native plugins for Editor in 0.00 ms.
Unloading 2465 Unused Serialized files (Serialized files now loaded: 0)
System memory in use before: 122.0 MB.
System memory in use after: 122.3 MB.

Unloading 6 unused Assets to reduce memory usage. Loaded Objects now: 3233.
Total: 5.668900 ms (FindLiveObjects: 0.942400 ms CreateObjectMapping: 0.401700 ms MarkObjects: 4.288500 ms  DeleteObjects: 0.034300 ms)

========================================================================
Received Prepare
Registering precompiled user dll's ...
Registered in 0.007069 seconds.
Begin MonoManager ReloadAssembly
Native extension for WindowsStandalone target not found
Refreshing native plugins compatible for Editor in 0.66 ms, found 0 plugins.
Preloading 0 native plugins for Editor in 0.00 ms.
Invoked RoslynAnalysisRunner static constructor.
RoslynAnalysisRunner will not be running.
RoslynAnalysisRunner has terminated.
Mono: successfully reloaded assembly
- Completed reload, in  3.242 seconds
Platform modules already initialized, skipping
Shader 'Universal Render Pipeline/Particles/Lit': fallback shader 'Universal Render Pipeline/Particles/SimpleLit' not found
Refreshing native plugins compatible for Editor in 0.62 ms, found 0 plugins.
Preloading 0 native plugins for Editor in 0.00 ms.
Unloading 2465 Unused Serialized files (Serialized files now loaded: 0)
System memory in use before: 122.0 MB.
System memory in use after: 122.3 MB.

Unloading 6 unused Assets to reduce memory usage. Loaded Objects now: 3235.
Total: 4.499000 ms (FindLiveObjects: 0.443800 ms CreateObjectMapping: 0.218600 ms MarkObjects: 3.801700 ms  DeleteObjects: 0.032600 ms)

========================================================================
Received Prepare
Shader 'Universal Render Pipeline/Particles/Lit': fallback shader 'Universal Render Pipeline/Particles/SimpleLit' not found
Refreshing native plugins compatible for Editor in 4.56 ms, found 0 plugins.
Preloading 0 native plugins for Editor in 0.00 ms.
Unloading 6 Unused Serialized files (Serialized files now loaded: 0)
System memory in use before: 71.2 MB.
System memory in use after: 71.4 MB.

Unloading 3 unused Assets to reduce memory usage. Loaded Objects now: 3235.
Total: 8.777800 ms (FindLiveObjects: 0.724000 ms CreateObjectMapping: 0.363500 ms MarkObjects: 7.531600 ms  DeleteObjects: 0.153900 ms)

AssetImportWorkerClient::OnTransportError - code=2 error=End of file
